<?xml version="1.0" encoding="UTF-8"?><testsuite errors="0" failures="0" name="Authentication" skipped="0" tests="6" time="5.01" timestamp="2023-10-27 11:10:13"><testcase name="Send request to login with empty credentials"/><testcase name="Send request to login with wrong password"/><testcase name="Send request to register with valid credentials"/><testcase name="Send request to register with empty credentials"/><testcase name="Send request to register with used email"/><testcase name="Get user information"/></testsuite>