<?xml version="1.0" encoding="UTF-8"?><testsuite errors="0" failures="0" name="Product" skipped="0" tests="10" time="7.46" timestamp="2023-10-27 11:10:13"><testcase name="Send GET Request to Products"/><testcase name="Send GET request to the product endpoint with a valid product ID"/><testcase name="Add a new product"/><testcase name="Delete Product"/><testcase name="Get Product Comment"/><testcase name="Get Product Rating"/><testcase name="Create Comment for product"/><testcase name="Create Comment for product with invalid ID"/><testcase name="Create Rating for product"/><testcase name="Create rating for product with invalid ID"/></testsuite>